10.8290 	EXP 	Created window1 = Window(allowGUI=True, allowStencil=False, args=UNKNOWN, autoLog=True, bitsMode=UNKNOWN, blendMode='avg', color=array([0., 0., 0.]), colorSpace='rgb', fullscr=<method-wrapper '__getattribute__' of attributeSetter object at 0x1306a7cf8>, gamma=None, gammaErrorPolicy='raise', kwargs=UNKNOWN, lms=UNKNOWN, monitor=<psychopy.monitors.calibTools.Monitor object at 0x13049e128>, multiSample=False, name='window1', numSamples=2, pos=[320.0, 0.0], screen=0, size=array([800, 900]), stereo=False, units='height', useFBO=True, useRetina=False, viewOri=0.0, viewPos=None, viewScale=None, waitBlanking=True, winType='pyglet')
10.8291 	EXP 	window1: recordFrameIntervals = False
10.9943 	EXP 	window1: recordFrameIntervals = True
11.1791 	EXP 	window1: recordFrameIntervals = False
12.0257 	EXP 	Created introText = TextStim(__class__=<class 'psychopy.visual.text.TextStim'>, alignHoriz='center', alignVert='center', antialias=True, autoLog=True, bold=False, color='white', colorSpace='named', contrast=1.0, depth=0.0, flipHoriz=False, flipVert=False, font='Arial', fontFiles=[], height=0.1, italic=False, languageStyle='LTR', name='introText', opacity=1.0, ori=0, pos=array([0., 0.]), rgb=array([255., 255., 255.]), text='be introduced\nclick to move on', units='height', win=Window(...), wrapWidth=1)
12.0342 	EXP 	Created InstructValenceText = TextStim(__class__=<class 'psychopy.visual.text.TextStim'>, alignHoriz='center', alignVert='center', antialias=True, autoLog=True, bold=False, color='white', colorSpace='named', contrast=1.0, depth=0.0, flipHoriz=False, flipVert=False, font='Arial', fontFiles=[], height=0.1, italic=False, languageStyle='LTR', name='InstructValenceText', opacity=1.0, ori=0, pos=array([0., 0.]), rgb=array([255., 255., 255.]), text='be valenced', units='height', win=Window(...), wrapWidth=1)
12.0432 	EXP 	Created InstructArousalText = TextStim(__class__=<class 'psychopy.visual.text.TextStim'>, alignHoriz='center', alignVert='center', antialias=True, autoLog=True, bold=False, color='white', colorSpace='named', contrast=1.0, depth=0.0, flipHoriz=False, flipVert=False, font='Arial', fontFiles=[], height=0.1, italic=False, languageStyle='LTR', name='InstructArousalText', opacity=1.0, ori=0, pos=array([0., 0.]), rgb=array([255., 255., 255.]), text='be aroused', units='height', win=Window(...), wrapWidth=1)
12.0561 	EXP 	Created WordPresentation = TextStim(__class__=<class 'psychopy.visual.text.TextStim'>, alignHoriz='center', alignVert='center', antialias=True, autoLog=True, bold=False, color='white', colorSpace='named', contrast=1.0, depth=0.0, flipHoriz=False, flipVert=False, font='Arial', fontFiles=[], height=0.05, italic=False, languageStyle='LTR', name='WordPresentation', opacity=1.0, ori=0, pos=array([0., 0.]), rgb=array([255., 255., 255.]), text='"word"', units='height', win=Window(...), wrapWidth=1)
12.1085 	EXP 	Created rating_3 = RatingScale(__class__=type(...), acceptKeys=['return'], acceptPreText=UNKNOWN, acceptSize=UNKNOWN, acceptText='accept?', autoLog=True, choices=False, depth=0, disappear=False, flipVert=False, high=9, kwargs=UNKNOWN, labels=list(...), leftKeys=['left'], lineColor='White', low=1, marker=ShapeStim(...), markerColor='DarkBlue', markerExpansion=UNKNOWN, markerStart=None, maxTime=0.0, minTime=0.4, mouseOnly=False, name='rating_3', noMouse=False, pos=[0.0, -0.4], precision=1, respKeys=['1', '2', '3', '4', '5', '6', '7', '8', '9'], rightKeys=['right'], scale='', self=UNKNOWN, showAccept=True, showValue=True, singleClick=True, size=0.6, skipKeys=['tab'], stretch=1.0, textColor='LightGray', textFont='Helvetica Bold', textSize=0.12, tickHeight=1.0, tickMarks=8.0, win=Window(...))
12.2230 	EXP 	Created ArousalGuide = ImageStim(__class__=<class 'psychopy.visual.image.ImageStim'>, autoLog=True, color=array([1., 1., 1.]), colorSpace='rgb', contrast=1.0, depth=-2.0, flipHoriz=False, flipVert=False, image='Arousal.png', interpolate=True, mask=None, maskParams=None, name='ArousalGuide', opacity=1.0, ori=0.0, pos=array([0.  , 0.25]), size=array([0.5 , 0.25]), texRes=128, units='height', win=Window(...))
12.2346 	EXP 	Created WordPresentation2 = TextStim(__class__=<class 'psychopy.visual.text.TextStim'>, alignHoriz='center', alignVert='center', antialias=True, autoLog=True, bold=False, color='white', colorSpace='named', contrast=1.0, depth=0.0, flipHoriz=False, flipVert=False, font='Arial', fontFiles=[], height=0.07, italic=False, languageStyle='LTR', name='WordPresentation2', opacity=1.0, ori=0, pos=array([0., 0.]), rgb=array([255., 255., 255.]), text='"word"', units='height', win=Window(...), wrapWidth=1)
12.2471 	EXP 	Created ValenceImage = ImageStim(__class__=<class 'psychopy.visual.image.ImageStim'>, autoLog=True, color=array([1., 1., 1.]), colorSpace='rgb', contrast=1.0, depth=-1.0, flipHoriz=False, flipVert=False, image='Valence.png', interpolate=True, mask=None, maskParams=None, name='ValenceImage', opacity=1.0, ori=0.0, pos=array([0.  , 0.25]), size=array([0.5 , 0.25]), texRes=128, units='height', win=Window(...))
12.2749 	EXP 	Created ValenceRating = RatingScale(__class__=type(...), acceptKeys=['return'], acceptPreText=UNKNOWN, acceptSize=UNKNOWN, acceptText='accept?', autoLog=True, choices=False, depth=0, disappear=False, flipVert=False, high=9, kwargs=UNKNOWN, labels=list(...), leftKeys=['left'], lineColor='White', low=1, marker=ShapeStim(...), markerColor='DarkBlue', markerExpansion=UNKNOWN, markerStart=None, maxTime=0.0, minTime=0.4, mouseOnly=False, name='ValenceRating', noMouse=False, pos=[0.0, -0.4], precision=1, respKeys=['1', '2', '3', '4', '5', '6', '7', '8', '9'], rightKeys=['right'], scale='', self=UNKNOWN, showAccept=True, showValue=True, singleClick=True, size=0.6, skipKeys=['tab'], stretch=1.0, textColor='LightGray', textFont='Helvetica Bold', textSize=0.12, tickHeight=1.0, tickMarks=8.0, win=Window(...))
12.3021 	EXP 	Created GoodbyeText = TextStim(__class__=<class 'psychopy.visual.text.TextStim'>, alignHoriz='center', alignVert='center', antialias=True, autoLog=True, bold=False, color='white', colorSpace='named', contrast=1.0, depth=0.0, flipHoriz=False, flipVert=False, font='Arial', fontFiles=[], height=0.1, italic=False, languageStyle='LTR', name='GoodbyeText', opacity=1.0, ori=0, pos=array([0., 0.]), rgb=array([255., 255., 255.]), text='Any text\n\nincluding line breaks', units='height', win=Window(...), wrapWidth=1)
12.3149 	EXP 	rating_3: flipVert = False
12.3149 	EXP 	rating_3: autoLog = True
12.3149 	EXP 	ValenceRating: flipVert = False
12.3149 	EXP 	ValenceRating: autoLog = True
12.3149 	EXP 	introText: autoDraw = True
12.5997 	DATA 	Mouse: Left button down, pos=(360,634)
12.6151 	EXP 	introText: autoDraw = False
12.6151 	EXP 	InstructValenceText: autoDraw = True
12.7008 	DATA 	Mouse:  Left button up, pos=(360,634)
13.6185 	EXP 	InstructValenceText: autoDraw = False
13.6185 	EXP 	InstructArousalText: autoDraw = True
14.6397 	EXP 	Imported conditions.csv as conditions, 4 conditions, 1 params
14.6549 	EXP 	window1: mouseVisible = True
