11.3599 	EXP 	Created window1 = Window(allowGUI=True, allowStencil=False, args=UNKNOWN, autoLog=True, bitsMode=UNKNOWN, blendMode='avg', color=array([0., 0., 0.]), colorSpace='rgb', fullscr=<method-wrapper '__getattribute__' of attributeSetter object at 0x130598e48>, gamma=None, gammaErrorPolicy='raise', kwargs=UNKNOWN, lms=UNKNOWN, monitor=<psychopy.monitors.calibTools.Monitor object at 0x130684748>, multiSample=False, name='window1', numSamples=2, pos=[320.0, 0.0], screen=0, size=array([800, 900]), stereo=False, units='height', useFBO=True, useRetina=False, viewOri=0.0, viewPos=None, viewScale=None, waitBlanking=True, winType='pyglet')
11.3600 	EXP 	window1: recordFrameIntervals = False
11.5258 	EXP 	window1: recordFrameIntervals = True
11.7095 	EXP 	window1: recordFrameIntervals = False
12.5954 	EXP 	Created introText = TextStim(__class__=<class 'psychopy.visual.text.TextStim'>, alignHoriz='center', alignVert='center', antialias=True, autoLog=True, bold=False, color='white', colorSpace='named', contrast=1.0, depth=0.0, flipHoriz=False, flipVert=False, font='Arial', fontFiles=[], height=0.01, italic=False, languageStyle='LTR', name='introText', opacity=1.0, ori=0, pos=array([0., 0.]), rgb=array([255., 255., 255.]), text=str(...), units='height', win=Window(...), wrapWidth=1)
12.6499 	EXP 	Created InstructValenceText = TextStim(__class__=<class 'psychopy.visual.text.TextStim'>, alignHoriz='center', alignVert='center', antialias=True, autoLog=True, bold=False, color='white', colorSpace='named', contrast=1.0, depth=0.0, flipHoriz=False, flipVert=False, font='Arial', fontFiles=[], height=0.05, italic=False, languageStyle='LTR', name='InstructValenceText', opacity=1.0, ori=0, pos=array([0., 0.]), rgb=array([255., 255., 255.]), text=str(...), units='height', win=Window(...), wrapWidth=1)
12.7667 	EXP 	Created Valence = ImageStim(__class__=<class 'psychopy.visual.image.ImageStim'>, autoLog=True, color=array([1., 1., 1.]), colorSpace='rgb', contrast=1.0, depth=-1.0, flipHoriz=False, flipVert=False, image='Valence.png', interpolate=True, mask=None, maskParams=None, name='Valence', opacity=1.0, ori=0.0, pos=array([0.  , 0.25]), size=array([0.5 , 0.25]), texRes=128, units='height', win=Window(...))
12.8046 	EXP 	Created InstructArousalText = TextStim(__class__=<class 'psychopy.visual.text.TextStim'>, alignHoriz='center', alignVert='center', antialias=True, autoLog=True, bold=False, color='white', colorSpace='named', contrast=1.0, depth=0.0, flipHoriz=False, flipVert=False, font='Arial', fontFiles=[], height=0.05, italic=False, languageStyle='LTR', name='InstructArousalText', opacity=1.0, ori=0, pos=array([0., 0.]), rgb=array([255., 255., 255.]), text=str(...), units='height', win=Window(...), wrapWidth=1)
12.8225 	EXP 	Created Arousal = ImageStim(__class__=<class 'psychopy.visual.image.ImageStim'>, autoLog=True, color=array([1., 1., 1.]), colorSpace='rgb', contrast=1.0, depth=-1.0, flipHoriz=False, flipVert=False, image='Arousal.png', interpolate=True, mask=None, maskParams=None, name='Arousal', opacity=1.0, ori=0.0, pos=array([0.  , 0.25]), size=array([0.5 , 0.25]), texRes=128, units='height', win=Window(...))
12.8327 	EXP 	Created WordPresentation = TextStim(__class__=<class 'psychopy.visual.text.TextStim'>, alignHoriz='center', alignVert='center', antialias=True, autoLog=True, bold=False, color='white', colorSpace='named', contrast=1.0, depth=0.0, flipHoriz=False, flipVert=False, font='Arial', fontFiles=[], height=0.05, italic=False, languageStyle='LTR', name='WordPresentation', opacity=1.0, ori=0, pos=array([0., 0.]), rgb=array([255., 255., 255.]), text='default text', units='height', win=Window(...), wrapWidth=1)
12.8940 	EXP 	Created rating_3 = RatingScale(__class__=type(...), acceptKeys=['return'], acceptPreText=UNKNOWN, acceptSize=UNKNOWN, acceptText='accept?', autoLog=True, choices=False, depth=0, disappear=False, flipVert=False, high=9, kwargs=UNKNOWN, labels=list(...), leftKeys=['left'], lineColor='White', low=1, marker=ShapeStim(...), markerColor='DarkBlue', markerExpansion=UNKNOWN, markerStart=None, maxTime=0.0, minTime=0.4, mouseOnly=False, name='rating_3', noMouse=False, pos=[0.0, -0.4], precision=1, respKeys=['1', '2', '3', '4', '5', '6', '7', '8', '9'], rightKeys=['right'], scale='', self=UNKNOWN, showAccept=True, showValue=True, singleClick=True, size=0.6, skipKeys=['tab'], stretch=1.0, textColor='LightGray', textFont='Helvetica Bold', textSize=0.12, tickHeight=1.0, tickMarks=8.0, win=Window(...))
12.9123 	EXP 	Created ArousalGuide = ImageStim(__class__=<class 'psychopy.visual.image.ImageStim'>, autoLog=True, color=array([1., 1., 1.]), colorSpace='rgb', contrast=1.0, depth=-2.0, flipHoriz=False, flipVert=False, image='Arousal.png', interpolate=True, mask=None, maskParams=None, name='ArousalGuide', opacity=1.0, ori=0.0, pos=array([0.  , 0.25]), size=array([0.5 , 0.25]), texRes=128, units='height', win=Window(...))
12.9206 	EXP 	Created WordPresentation2 = TextStim(__class__=<class 'psychopy.visual.text.TextStim'>, alignHoriz='center', alignVert='center', antialias=True, autoLog=True, bold=False, color='Green', colorSpace='named', contrast=1.0, depth=0.0, flipHoriz=False, flipVert=False, font='Arial', fontFiles=[], height=0.05, italic=False, languageStyle='LTR', name='WordPresentation2', opacity=1.0, ori=0, pos=array([0., 0.]), rgb=array([  0., 128.,   0.]), text='default text', units='height', win=Window(...), wrapWidth=1)
12.9361 	EXP 	Created ValenceImage = ImageStim(__class__=<class 'psychopy.visual.image.ImageStim'>, autoLog=True, color=array([1., 1., 1.]), colorSpace='rgb', contrast=1.0, depth=-1.0, flipHoriz=False, flipVert=False, image='Valence.png', interpolate=True, mask=None, maskParams=None, name='ValenceImage', opacity=1.0, ori=0.0, pos=array([0.  , 0.25]), size=array([0.5 , 0.25]), texRes=128, units='height', win=Window(...))
12.9652 	EXP 	Created ValenceRating = RatingScale(__class__=type(...), acceptKeys=['return'], acceptPreText=UNKNOWN, acceptSize=UNKNOWN, acceptText='accept?', autoLog=True, choices=False, depth=0, disappear=False, flipVert=False, high=9, kwargs=UNKNOWN, labels=list(...), leftKeys=['left'], lineColor='White', low=1, marker=ShapeStim(...), markerColor='DarkBlue', markerExpansion=UNKNOWN, markerStart=None, maxTime=0.0, minTime=0.4, mouseOnly=False, name='ValenceRating', noMouse=False, pos=[0.0, -0.4], precision=1, respKeys=['1', '2', '3', '4', '5', '6', '7', '8', '9'], rightKeys=['right'], scale='', self=UNKNOWN, showAccept=True, showValue=True, singleClick=True, size=0.6, skipKeys=['tab'], stretch=1.0, textColor='LightGray', textFont='Helvetica Bold', textSize=0.12, tickHeight=1.0, tickMarks=8.0, win=Window(...))
13.0583 	EXP 	Created GoodbyeText = TextStim(__class__=<class 'psychopy.visual.text.TextStim'>, alignHoriz='center', alignVert='center', antialias=True, autoLog=True, bold=False, color='white', colorSpace='named', contrast=1.0, depth=0.0, flipHoriz=False, flipVert=False, font='Arial', fontFiles=[], height=0.1, italic=False, languageStyle='LTR', name='GoodbyeText', opacity=1.0, ori=0, pos=array([0., 0.]), rgb=array([255., 255., 255.]), text=str(...), units='height', win=Window(...), wrapWidth=1)
13.0803 	EXP 	rating_3: flipVert = False
13.0803 	EXP 	rating_3: autoLog = True
13.0803 	EXP 	ValenceRating: flipVert = False
13.0803 	EXP 	ValenceRating: autoLog = True
13.0803 	EXP 	introText: autoDraw = True
15.4874 	DATA 	Mouse: Left button down, pos=(537,427)
15.5016 	EXP 	introText: autoDraw = False
15.5016 	EXP 	InstructValenceText: autoDraw = True
15.5016 	EXP 	Valence: autoDraw = True
15.7055 	DATA 	Mouse:  Left button up, pos=(537,427)
19.8995 	DATA 	Mouse: Left button down, pos=(429,371)
19.9143 	EXP 	InstructValenceText: autoDraw = False
19.9143 	EXP 	Valence: autoDraw = False
19.9143 	EXP 	InstructArousalText: autoDraw = True
19.9143 	EXP 	Arousal: autoDraw = True
20.0158 	DATA 	Mouse:  Left button up, pos=(429,371)
22.3747 	DATA 	Mouse: Left button down, pos=(442,368)
22.4047 	EXP 	Imported conditions.xlsx as conditions, 4 conditions, 1 params
22.4058 	EXP 	Created sequence: random, trialTypes=4, nReps=1, seed=None
22.4063 	EXP 	New trial (rep=0, index=0): OrderedDict([('word', 'run')])
22.4114 	EXP 	RatingScale rating_3: reset()
22.4369 	EXP 	InstructArousalText: autoDraw = False
22.4369 	EXP 	Arousal: autoDraw = False
22.4369 	EXP 	WordPresentation: text = 'run'
22.4369 	EXP 	WordPresentation: autoDraw = True
22.4369 	EXP 	rating_3: autoDraw = True
22.4369 	EXP 	ArousalGuide: autoDraw = True
22.7754 	DATA 	Mouse:  Left button up, pos=(442,368)
23.8457 	DATA 	Mouse: Left button down, pos=(424,280)
23.8467 	DATA 	RatingScale rating_3: (mouse single-click) rating=6
23.8467 	DATA 	RatingScale rating_3: rating RT=1.434
23.8467 	DATA 	RatingScale rating_3: history=[(None, 0.0), (6, 1.434)]
23.8666 	EXP 	RatingScale ValenceRating: reset()
23.8915 	EXP 	WordPresentation: autoDraw = False
23.8915 	EXP 	rating_3: autoDraw = False
23.8915 	EXP 	ArousalGuide: autoDraw = False
23.8915 	EXP 	WordPresentation2: text = 'run'
23.8915 	EXP 	WordPresentation2: autoDraw = True
23.8915 	EXP 	ValenceImage: autoDraw = True
23.8915 	EXP 	ValenceRating: autoDraw = True
23.9976 	DATA 	Mouse:  Left button up, pos=(424,280)
24.6821 	DATA 	Mouse: Left button down, pos=(424,280)
24.6827 	DATA 	RatingScale ValenceRating: (mouse single-click) rating=6
24.6828 	DATA 	RatingScale ValenceRating: rating RT=0.815
24.6828 	DATA 	RatingScale ValenceRating: history=[(None, 0.0), (6, 0.01), (6, 0.815)]
24.6952 	EXP 	New trial (rep=0, index=1): OrderedDict([('word', 'funny')])
24.7039 	EXP 	RatingScale rating_3: reset()
24.7274 	EXP 	WordPresentation2: autoDraw = False
24.7274 	EXP 	ValenceImage: autoDraw = False
24.7274 	EXP 	ValenceRating: autoDraw = False
24.7274 	EXP 	WordPresentation: text = 'funny'
24.7274 	EXP 	WordPresentation: autoDraw = True
24.7274 	EXP 	rating_3: autoDraw = True
24.7274 	EXP 	ArousalGuide: autoDraw = True
24.8160 	DATA 	Mouse:  Left button up, pos=(424,280)
25.4345 	DATA 	Mouse: Left button down, pos=(424,280)
25.4353 	DATA 	RatingScale rating_3: (mouse single-click) rating=6
25.4353 	DATA 	RatingScale rating_3: rating RT=0.730
25.4353 	DATA 	RatingScale rating_3: history=[(None, 0.0), (6, 0.003), (6, 0.73)]
25.4605 	EXP 	RatingScale ValenceRating: reset()
25.4794 	EXP 	WordPresentation: autoDraw = False
25.4794 	EXP 	rating_3: autoDraw = False
25.4794 	EXP 	ArousalGuide: autoDraw = False
25.4794 	EXP 	WordPresentation2: text = 'funny'
25.4794 	EXP 	WordPresentation2: autoDraw = True
25.4794 	EXP 	ValenceImage: autoDraw = True
25.4794 	EXP 	ValenceRating: autoDraw = True
25.5673 	DATA 	Mouse:  Left button up, pos=(424,280)
26.1877 	DATA 	Mouse: Left button down, pos=(424,280)
26.2020 	DATA 	RatingScale ValenceRating: (mouse single-click) rating=6
26.2020 	DATA 	RatingScale ValenceRating: rating RT=0.740
26.2021 	DATA 	RatingScale ValenceRating: history=[(None, 0.0), (6, 0.004), (6, 0.74)]
26.2151 	EXP 	New trial (rep=0, index=2): OrderedDict([('word', 'jump')])
26.2316 	EXP 	RatingScale rating_3: reset()
26.2474 	EXP 	WordPresentation2: autoDraw = False
26.2474 	EXP 	ValenceImage: autoDraw = False
26.2474 	EXP 	ValenceRating: autoDraw = False
26.2474 	EXP 	WordPresentation: text = 'jump'
26.2474 	EXP 	WordPresentation: autoDraw = True
26.2474 	EXP 	rating_3: autoDraw = True
26.2474 	EXP 	ArousalGuide: autoDraw = True
26.3014 	DATA 	Mouse:  Left button up, pos=(424,280)
27.0230 	DATA 	Mouse: Left button down, pos=(424,280)
27.0236 	DATA 	RatingScale rating_3: (mouse single-click) rating=6
27.0237 	DATA 	RatingScale rating_3: rating RT=0.791
27.0237 	DATA 	RatingScale rating_3: history=[(None, 0.0), (6, 0.003), (6, 0.791)]
27.0470 	EXP 	RatingScale ValenceRating: reset()
27.0668 	EXP 	WordPresentation: autoDraw = False
27.0668 	EXP 	rating_3: autoDraw = False
27.0668 	EXP 	ArousalGuide: autoDraw = False
27.0668 	EXP 	WordPresentation2: text = 'jump'
27.0668 	EXP 	WordPresentation2: autoDraw = True
27.0668 	EXP 	ValenceImage: autoDraw = True
27.0668 	EXP 	ValenceRating: autoDraw = True
27.1397 	DATA 	Mouse:  Left button up, pos=(424,280)
28.6553 	DATA 	Mouse: Left button down, pos=(424,280)
28.6558 	DATA 	RatingScale ValenceRating: (mouse single-click) rating=6
28.6558 	DATA 	RatingScale ValenceRating: rating RT=1.608
28.6558 	DATA 	RatingScale ValenceRating: history=[(None, 0.0), (6, 0.003), (6, 1.608)]
28.6739 	EXP 	New trial (rep=0, index=3): OrderedDict([('word', 'bastard')])
28.6910 	EXP 	RatingScale rating_3: reset()
28.7039 	EXP 	WordPresentation2: autoDraw = False
28.7039 	EXP 	ValenceImage: autoDraw = False
28.7039 	EXP 	ValenceRating: autoDraw = False
28.7039 	EXP 	WordPresentation: text = 'bastard'
28.7039 	EXP 	WordPresentation: autoDraw = True
28.7039 	EXP 	rating_3: autoDraw = True
28.7039 	EXP 	ArousalGuide: autoDraw = True
28.7762 	DATA 	Mouse:  Left button up, pos=(424,280)
48.5472 	DATA 	Mouse: Left button down, pos=(386,294)
48.5479 	DATA 	RatingScale rating_3: (mouse single-click) rating=5
48.5479 	DATA 	RatingScale rating_3: rating RT=19.856
48.5480 	DATA 	RatingScale rating_3: history=[(None, 0.0), (6, 0.003), (9, 19.51), (8, 19.544), (6, 19.574), (5, 19.611), (5, 19.856)]
48.5758 	EXP 	RatingScale ValenceRating: reset()
48.5904 	EXP 	WordPresentation: autoDraw = False
48.5904 	EXP 	rating_3: autoDraw = False
48.5904 	EXP 	ArousalGuide: autoDraw = False
48.5904 	EXP 	WordPresentation2: text = 'bastard'
48.5904 	EXP 	WordPresentation2: autoDraw = True
48.5904 	EXP 	ValenceImage: autoDraw = True
48.5904 	EXP 	ValenceRating: autoDraw = True
48.6297 	DATA 	Mouse:  Left button up, pos=(386,294)
49.1300 	DATA 	Mouse: Left button down, pos=(386,294)
49.1306 	DATA 	RatingScale ValenceRating: (mouse single-click) rating=5
49.1307 	DATA 	RatingScale ValenceRating: rating RT=0.554
49.1307 	DATA 	RatingScale ValenceRating: history=[(None, 0.0), (5, 0.003), (5, 0.554)]
49.1595 	EXP 	WordPresentation2: autoDraw = False
49.1595 	EXP 	ValenceImage: autoDraw = False
49.1595 	EXP 	ValenceRating: autoDraw = False
49.1595 	EXP 	GoodbyeText: autoDraw = True
49.1942 	DATA 	Mouse:  Left button up, pos=(386,294)
49.7129 	DATA 	Mouse: Left button down, pos=(386,291)
49.7630 	DATA 	Mouse:  Left button up, pos=(386,291)
54.1733 	EXP 	GoodbyeText: autoDraw = False
54.2082 	EXP 	window1: mouseVisible = True
