10.7696 	EXP 	Created window1 = Window(allowGUI=True, allowStencil=False, args=UNKNOWN, autoLog=True, bitsMode=UNKNOWN, blendMode='avg', color=array([0., 0., 0.]), colorSpace='rgb', fullscr=<method-wrapper '__getattribute__' of attributeSetter object at 0x1308e9d30>, gamma=None, gammaErrorPolicy='raise', kwargs=UNKNOWN, lms=UNKNOWN, monitor=<psychopy.monitors.calibTools.Monitor object at 0x130811ac8>, multiSample=False, name='window1', numSamples=2, pos=[320.0, 0.0], screen=0, size=array([800, 900]), stereo=False, units='height', useFBO=True, useRetina=False, viewOri=0.0, viewPos=None, viewScale=None, waitBlanking=True, winType='pyglet')
10.7697 	EXP 	window1: recordFrameIntervals = False
10.9344 	EXP 	window1: recordFrameIntervals = True
11.1195 	EXP 	window1: recordFrameIntervals = False
11.9221 	EXP 	Created text = TextStim(__class__=<class 'psychopy.visual.text.TextStim'>, alignHoriz='center', alignVert='center', antialias=True, autoLog=True, bold=False, color='white', colorSpace='named', contrast=1.0, depth=0.0, flipHoriz=False, flipVert=False, font='Arial', fontFiles=[], height=0.04, italic=False, languageStyle='LTR', name='text', opacity=1.0, ori=0, pos=array([0., 0.]), rgb=array([255., 255., 255.]), text=str(...), units='height', win=Window(...), wrapWidth=1)
12.2795 	EXP 	Created introText = TextStim(__class__=<class 'psychopy.visual.text.TextStim'>, alignHoriz='center', alignVert='center', antialias=True, autoLog=True, bold=False, color='white', colorSpace='named', contrast=1.0, depth=0.0, flipHoriz=False, flipVert=False, font='Arial', fontFiles=[], height=0.016, italic=False, languageStyle='LTR', name='introText', opacity=1.0, ori=0, pos=array([0., 0.]), rgb=array([255., 255., 255.]), text=str(...), units='height', win=Window(...), wrapWidth=1)
12.3377 	EXP 	Created InstructValenceText = TextStim(__class__=<class 'psychopy.visual.text.TextStim'>, alignHoriz='center', alignVert='center', antialias=True, autoLog=True, bold=False, color='white', colorSpace='named', contrast=1.0, depth=0.0, flipHoriz=False, flipVert=False, font='Arial', fontFiles=[], height=0.025, italic=False, languageStyle='LTR', name='InstructValenceText', opacity=1.0, ori=0, pos=array([0., 0.]), rgb=array([255., 255., 255.]), text=str(...), units='height', win=Window(...), wrapWidth=1)
12.4540 	EXP 	Created Valence = ImageStim(__class__=<class 'psychopy.visual.image.ImageStim'>, autoLog=True, color=array([1., 1., 1.]), colorSpace='rgb', contrast=1.0, depth=-1.0, flipHoriz=False, flipVert=False, image='Valence.png', interpolate=True, mask=None, maskParams=None, name='Valence', opacity=1.0, ori=0.0, pos=array([0.  , 0.25]), size=array([0.5 , 0.25]), texRes=128, units='height', win=Window(...))
12.4830 	EXP 	Created InstructArousalText = TextStim(__class__=<class 'psychopy.visual.text.TextStim'>, alignHoriz='center', alignVert='center', antialias=True, autoLog=True, bold=False, color='white', colorSpace='named', contrast=1.0, depth=0.0, flipHoriz=False, flipVert=False, font='Arial', fontFiles=[], height=0.025, italic=False, languageStyle='LTR', name='InstructArousalText', opacity=1.0, ori=0, pos=array([0., 0.]), rgb=array([255., 255., 255.]), text=str(...), units='height', win=Window(...), wrapWidth=1)
12.5001 	EXP 	Created Arousal = ImageStim(__class__=<class 'psychopy.visual.image.ImageStim'>, autoLog=True, color=array([1., 1., 1.]), colorSpace='rgb', contrast=1.0, depth=-1.0, flipHoriz=False, flipVert=False, image='Arousal.png', interpolate=True, mask=None, maskParams=None, name='Arousal', opacity=1.0, ori=0.0, pos=array([0.  , 0.25]), size=array([0.5 , 0.25]), texRes=128, units='height', win=Window(...))
12.5133 	EXP 	Created WordPresentation = TextStim(__class__=<class 'psychopy.visual.text.TextStim'>, alignHoriz='center', alignVert='center', antialias=True, autoLog=True, bold=False, color='white', colorSpace='named', contrast=1.0, depth=0.0, flipHoriz=False, flipVert=False, font='Arial', fontFiles=[], height=0.05, italic=False, languageStyle='LTR', name='WordPresentation', opacity=1.0, ori=0, pos=array([0., 0.]), rgb=array([255., 255., 255.]), text='default text', units='height', win=Window(...), wrapWidth=1)
12.5720 	EXP 	Created rating_3 = RatingScale(__class__=type(...), acceptKeys=['return'], acceptPreText=UNKNOWN, acceptSize=UNKNOWN, acceptText='accept?', autoLog=True, choices=False, depth=0, disappear=False, flipVert=False, high=9, kwargs=UNKNOWN, labels=list(...), leftKeys=['left'], lineColor='White', low=1, marker=ShapeStim(...), markerColor='DarkBlue', markerExpansion=UNKNOWN, markerStart=None, maxTime=0.0, minTime=0.4, mouseOnly=False, name='rating_3', noMouse=False, pos=[0.0, -0.4], precision=1, respKeys=['1', '2', '3', '4', '5', '6', '7', '8', '9'], rightKeys=['right'], scale='', self=UNKNOWN, showAccept=True, showValue=True, singleClick=True, size=0.6, skipKeys=['tab'], stretch=1.0, textColor='LightGray', textFont='Helvetica Bold', textSize=0.12, tickHeight=1.0, tickMarks=8.0, win=Window(...))
12.5861 	EXP 	Created ArousalGuide = ImageStim(__class__=<class 'psychopy.visual.image.ImageStim'>, autoLog=True, color=array([1., 1., 1.]), colorSpace='rgb', contrast=1.0, depth=-2.0, flipHoriz=False, flipVert=False, image='Arousal.png', interpolate=True, mask=None, maskParams=None, name='ArousalGuide', opacity=1.0, ori=0.0, pos=array([0.  , 0.25]), size=array([0.5 , 0.25]), texRes=128, units='height', win=Window(...))
12.5967 	EXP 	Created WordPresentation2 = TextStim(__class__=<class 'psychopy.visual.text.TextStim'>, alignHoriz='center', alignVert='center', antialias=True, autoLog=True, bold=False, color='White', colorSpace='named', contrast=1.0, depth=0.0, flipHoriz=False, flipVert=False, font='Arial', fontFiles=[], height=0.05, italic=False, languageStyle='LTR', name='WordPresentation2', opacity=1.0, ori=0, pos=array([0., 0.]), rgb=array([255., 255., 255.]), text='default text', units='height', win=Window(...), wrapWidth=1)
12.6161 	EXP 	Created ValenceImage = ImageStim(__class__=<class 'psychopy.visual.image.ImageStim'>, autoLog=True, color=array([1., 1., 1.]), colorSpace='rgb', contrast=1.0, depth=-1.0, flipHoriz=False, flipVert=False, image='Valence.png', interpolate=True, mask=None, maskParams=None, name='ValenceImage', opacity=1.0, ori=0.0, pos=array([0. , 0.4]), size=array([0.5 , 0.25]), texRes=128, units='height', win=Window(...))
12.6428 	EXP 	Created ValenceRating = RatingScale(__class__=type(...), acceptKeys=['return'], acceptPreText=UNKNOWN, acceptSize=UNKNOWN, acceptText='accept?', autoLog=True, choices=False, depth=0, disappear=False, flipVert=False, high=9, kwargs=UNKNOWN, labels=list(...), leftKeys=['left'], lineColor='White', low=1, marker=ShapeStim(...), markerColor='DarkBlue', markerExpansion=UNKNOWN, markerStart=None, maxTime=0.0, minTime=0.4, mouseOnly=False, name='ValenceRating', noMouse=False, pos=[0.0, -0.4], precision=1, respKeys=['1', '2', '3', '4', '5', '6', '7', '8', '9'], rightKeys=['right'], scale='', self=UNKNOWN, showAccept=True, showValue=True, singleClick=True, size=0.6, skipKeys=['tab'], stretch=1.0, textColor='LightGray', textFont='Helvetica Bold', textSize=0.12, tickHeight=1.0, tickMarks=8.0, win=Window(...))
12.6696 	EXP 	Created text_2 = TextStim(__class__=<class 'psychopy.visual.text.TextStim'>, alignHoriz='center', alignVert='center', antialias=True, autoLog=True, bold=False, color='white', colorSpace='named', contrast=1.0, depth=-3.0, flipHoriz=False, flipVert=False, font='Arial', fontFiles=[], height=0.05, italic=False, languageStyle='LTR', name='text_2', opacity=1.0, ori=0, pos=array([0. , 0.2]), rgb=array([255., 255., 255.]), text='Arousal\n1=Very Non-Arousing, 9=Very Arousing', units='height', win=Window(...), wrapWidth=1)
12.7084 	EXP 	Created GoodbyeText = TextStim(__class__=<class 'psychopy.visual.text.TextStim'>, alignHoriz='center', alignVert='center', antialias=True, autoLog=True, bold=False, color='white', colorSpace='named', contrast=1.0, depth=0.0, flipHoriz=False, flipVert=False, font='Arial', fontFiles=[], height=0.05, italic=False, languageStyle='LTR', name='GoodbyeText', opacity=1.0, ori=0, pos=array([0., 0.]), rgb=array([255., 255., 255.]), text=str(...), units='height', win=Window(...), wrapWidth=1)
12.7243 	EXP 	rating_3: flipVert = False
12.7243 	EXP 	rating_3: autoLog = True
12.7243 	EXP 	ValenceRating: flipVert = False
12.7243 	EXP 	ValenceRating: autoLog = True
12.7243 	EXP 	text: autoDraw = True
14.9641 	DATA 	Mouse: Left button down, pos=(576,434)
14.9788 	EXP 	text: autoDraw = False
14.9788 	EXP 	introText: autoDraw = True
15.0489 	DATA 	Mouse:  Left button up, pos=(576,434)
17.5039 	DATA 	Mouse: Left button down, pos=(576,434)
17.5206 	EXP 	introText: autoDraw = False
17.5206 	EXP 	InstructValenceText: autoDraw = True
17.5206 	EXP 	Valence: autoDraw = True
17.6384 	DATA 	Mouse:  Left button up, pos=(576,434)
27.2639 	DATA 	Mouse: Left button down, pos=(499,418)
27.2782 	EXP 	InstructValenceText: autoDraw = False
27.2782 	EXP 	Valence: autoDraw = False
27.2782 	EXP 	InstructArousalText: autoDraw = True
27.2782 	EXP 	Arousal: autoDraw = True
27.3303 	DATA 	Mouse:  Left button up, pos=(499,418)
33.4157 	DATA 	Mouse: Left button down, pos=(568,362)
33.4499 	EXP 	Imported conditions.xlsx as conditions, 4 conditions, 1 params
33.4508 	EXP 	Created sequence: random, trialTypes=4, nReps=1, seed=None
33.4512 	EXP 	New trial (rep=0, index=0): OrderedDict([('word', 'run')])
33.4569 	EXP 	RatingScale rating_3: reset()
33.4781 	EXP 	InstructArousalText: autoDraw = False
33.4781 	EXP 	Arousal: autoDraw = False
33.4781 	EXP 	WordPresentation: text = 'run'
33.4781 	EXP 	WordPresentation: autoDraw = True
33.4781 	EXP 	rating_3: autoDraw = True
33.4781 	EXP 	ArousalGuide: autoDraw = True
33.5190 	DATA 	Mouse:  Left button up, pos=(568,362)
36.9915 	DATA 	Mouse: Left button down, pos=(338,277)
36.9921 	DATA 	RatingScale rating_3: (mouse single-click) rating=3
36.9921 	DATA 	RatingScale rating_3: rating RT=3.534
36.9921 	DATA 	RatingScale rating_3: history=[(None, 0.0), (3, 3.534)]
37.0134 	EXP 	RatingScale ValenceRating: reset()
37.0381 	EXP 	WordPresentation: autoDraw = False
37.0381 	EXP 	rating_3: autoDraw = False
37.0381 	EXP 	ArousalGuide: autoDraw = False
37.0381 	EXP 	WordPresentation2: text = 'run'
37.0381 	EXP 	WordPresentation2: autoDraw = True
37.0381 	EXP 	ValenceImage: autoDraw = True
37.0381 	EXP 	ValenceRating: autoDraw = True
37.0381 	EXP 	text_2: autoDraw = True
37.0768 	DATA 	Mouse:  Left button up, pos=(338,277)
38.0400 	EXP 	text_2: autoDraw = False
43.0934 	DATA 	Mouse: Left button down, pos=(335,270)
43.0940 	DATA 	RatingScale ValenceRating: (mouse single-click) rating=3
43.0940 	DATA 	RatingScale ValenceRating: rating RT=6.079
43.0941 	DATA 	RatingScale ValenceRating: history=[(None, 0.0), (3, 0.01), (4, 1.556), (3, 2.139), (3, 6.079)]
43.1082 	EXP 	New trial (rep=0, index=1): OrderedDict([('word', 'jump')])
43.1167 	EXP 	RatingScale rating_3: reset()
43.1382 	EXP 	WordPresentation2: autoDraw = False
43.1382 	EXP 	ValenceImage: autoDraw = False
43.1382 	EXP 	ValenceRating: autoDraw = False
43.1382 	EXP 	text_2: autoDraw = False
43.1382 	EXP 	WordPresentation: text = 'jump'
43.1382 	EXP 	WordPresentation: autoDraw = True
43.1382 	EXP 	rating_3: autoDraw = True
43.1382 	EXP 	ArousalGuide: autoDraw = True
43.1929 	DATA 	Mouse:  Left button up, pos=(335,270)
45.7671 	DATA 	Mouse: Left button down, pos=(463,272)
45.7679 	DATA 	RatingScale rating_3: (mouse single-click) rating=7
45.7679 	DATA 	RatingScale rating_3: rating RT=2.650
45.7680 	DATA 	RatingScale rating_3: history=[(None, 0.0), (3, 0.003), (4, 1.149), (3, 1.65), (4, 1.902), (5, 1.987), (6, 2.072), (7, 2.322), (7, 2.65)]
45.7963 	EXP 	RatingScale ValenceRating: reset()
45.8121 	EXP 	WordPresentation: autoDraw = False
45.8121 	EXP 	rating_3: autoDraw = False
45.8121 	EXP 	ArousalGuide: autoDraw = False
45.8121 	EXP 	WordPresentation2: text = 'jump'
45.8121 	EXP 	WordPresentation2: autoDraw = True
45.8121 	EXP 	ValenceImage: autoDraw = True
45.8121 	EXP 	ValenceRating: autoDraw = True
45.8121 	EXP 	text_2: autoDraw = True
45.8679 	DATA 	Mouse:  Left button up, pos=(463,272)
46.8141 	EXP 	text_2: autoDraw = False
48.9076 	DATA 	Mouse: Left button down, pos=(459,275)
48.9083 	DATA 	RatingScale ValenceRating: (mouse single-click) rating=7
48.9083 	DATA 	RatingScale ValenceRating: rating RT=3.111
48.9084 	DATA 	RatingScale ValenceRating: history=[(None, 0.0), (7, 0.003), (6, 0.945), (5, 1.076), (6, 1.495), (7, 1.677), (7, 3.111)]
48.9230 	EXP 	New trial (rep=0, index=2): OrderedDict([('word', 'bastard')])
48.9398 	EXP 	RatingScale rating_3: reset()
48.9538 	EXP 	WordPresentation2: autoDraw = False
48.9538 	EXP 	ValenceImage: autoDraw = False
48.9538 	EXP 	ValenceRating: autoDraw = False
48.9538 	EXP 	text_2: autoDraw = False
48.9538 	EXP 	WordPresentation: text = 'bastard'
48.9538 	EXP 	WordPresentation: autoDraw = True
48.9538 	EXP 	rating_3: autoDraw = True
48.9538 	EXP 	ArousalGuide: autoDraw = True
48.9911 	DATA 	Mouse:  Left button up, pos=(459,275)
50.0292 	DATA 	Mouse: Left button down, pos=(383,269)
50.0300 	DATA 	RatingScale rating_3: (mouse single-click) rating=4
50.0301 	DATA 	RatingScale rating_3: rating RT=1.089
50.0301 	DATA 	RatingScale rating_3: history=[(None, 0.0), (7, 0.003), (6, 0.674), (5, 0.725), (4, 0.824), (4, 1.089)]
50.0577 	EXP 	RatingScale ValenceRating: reset()
50.0729 	EXP 	WordPresentation: autoDraw = False
50.0729 	EXP 	rating_3: autoDraw = False
50.0729 	EXP 	ArousalGuide: autoDraw = False
50.0729 	EXP 	WordPresentation2: text = 'bastard'
50.0729 	EXP 	WordPresentation2: autoDraw = True
50.0729 	EXP 	ValenceImage: autoDraw = True
50.0729 	EXP 	ValenceRating: autoDraw = True
50.0729 	EXP 	text_2: autoDraw = True
50.1278 	DATA 	Mouse:  Left button up, pos=(383,269)
51.0919 	EXP 	text_2: autoDraw = False
51.8173 	DATA 	Mouse: Left button down, pos=(415,264)
51.8180 	DATA 	RatingScale ValenceRating: (mouse single-click) rating=5
51.8180 	DATA 	RatingScale ValenceRating: rating RT=1.759
51.8180 	DATA 	RatingScale ValenceRating: history=[(None, 0.0), (4, 0.004), (3, 1.012), (4, 1.195), (5, 1.396), (5, 1.759)]
51.8302 	EXP 	New trial (rep=0, index=3): OrderedDict([('word', 'funny')])
51.8444 	EXP 	RatingScale rating_3: reset()
51.8609 	EXP 	WordPresentation2: autoDraw = False
51.8609 	EXP 	ValenceImage: autoDraw = False
51.8609 	EXP 	ValenceRating: autoDraw = False
51.8609 	EXP 	text_2: autoDraw = False
51.8609 	EXP 	WordPresentation: text = 'funny'
51.8609 	EXP 	WordPresentation: autoDraw = True
51.8609 	EXP 	rating_3: autoDraw = True
51.8609 	EXP 	ArousalGuide: autoDraw = True
51.8988 	DATA 	Mouse:  Left button up, pos=(415,264)
53.0050 	DATA 	Mouse: Left button down, pos=(458,262)
53.0056 	DATA 	RatingScale rating_3: (mouse single-click) rating=7
53.0056 	DATA 	RatingScale rating_3: rating RT=1.160
53.0056 	DATA 	RatingScale rating_3: history=[(None, 0.0), (5, 0.003), (6, 0.663), (7, 0.962), (7, 1.16)]
53.0294 	EXP 	RatingScale ValenceRating: reset()
53.0473 	EXP 	WordPresentation: autoDraw = False
53.0473 	EXP 	rating_3: autoDraw = False
53.0473 	EXP 	ArousalGuide: autoDraw = False
53.0473 	EXP 	WordPresentation2: text = 'funny'
53.0473 	EXP 	WordPresentation2: autoDraw = True
53.0473 	EXP 	ValenceImage: autoDraw = True
53.0473 	EXP 	ValenceRating: autoDraw = True
53.0473 	EXP 	text_2: autoDraw = True
53.0883 	DATA 	Mouse:  Left button up, pos=(458,262)
54.0507 	EXP 	text_2: autoDraw = False
55.7288 	DATA 	Mouse: Left button down, pos=(455,255)
55.7295 	DATA 	RatingScale ValenceRating: (mouse single-click) rating=7
55.7295 	DATA 	RatingScale ValenceRating: rating RT=2.699
55.7295 	DATA 	RatingScale ValenceRating: history=[(None, 0.0), (7, 0.002), (6, 0.78), (5, 0.828), (4, 0.896), (3, 0.98), (2, 1.55), (6, 2.417), (7, 2.45), (7, 2.699)]
55.7551 	EXP 	WordPresentation2: autoDraw = False
55.7551 	EXP 	ValenceImage: autoDraw = False
55.7551 	EXP 	ValenceRating: autoDraw = False
55.7551 	EXP 	text_2: autoDraw = False
55.7551 	EXP 	GoodbyeText: autoDraw = True
55.7910 	DATA 	Mouse:  Left button up, pos=(455,255)
56.4260 	DATA 	Mouse: Left button down, pos=(338,316)
56.5096 	DATA 	Mouse:  Left button up, pos=(338,316)
60.7681 	EXP 	GoodbyeText: autoDraw = False
60.7955 	EXP 	window1: mouseVisible = True
