9.4054 	EXP 	Created window1 = Window(allowGUI=True, allowStencil=False, args=UNKNOWN, autoLog=True, bitsMode=UNKNOWN, blendMode='avg', color=array([0., 0., 0.]), colorSpace='rgb', fullscr=<method-wrapper '__getattribute__' of attributeSetter object at 0x130960ef0>, gamma=None, gammaErrorPolicy='raise', kwargs=UNKNOWN, lms=UNKNOWN, monitor=<psychopy.monitors.calibTools.Monitor object at 0x13076dc18>, multiSample=False, name='window1', numSamples=2, pos=[320.0, 0.0], screen=0, size=array([800, 900]), stereo=False, units='height', useFBO=True, useRetina=False, viewOri=0.0, viewPos=None, viewScale=None, waitBlanking=True, winType='pyglet')
9.4054 	EXP 	window1: recordFrameIntervals = False
9.5721 	EXP 	window1: recordFrameIntervals = True
9.7555 	EXP 	window1: recordFrameIntervals = False
10.5593 	EXP 	Created text = TextStim(__class__=<class 'psychopy.visual.text.TextStim'>, alignHoriz='center', alignVert='center', antialias=True, autoLog=True, bold=False, color='white', colorSpace='named', contrast=1.0, depth=0.0, flipHoriz=False, flipVert=False, font='Arial', fontFiles=[], height=0.04, italic=False, languageStyle='LTR', name='text', opacity=1.0, ori=0, pos=array([0., 0.]), rgb=array([255., 255., 255.]), text=str(...), units='height', win=Window(...), wrapWidth=1)
10.9004 	EXP 	Created introText = TextStim(__class__=<class 'psychopy.visual.text.TextStim'>, alignHoriz='center', alignVert='center', antialias=True, autoLog=True, bold=False, color='white', colorSpace='named', contrast=1.0, depth=0.0, flipHoriz=False, flipVert=False, font='Arial', fontFiles=[], height=0.016, italic=False, languageStyle='LTR', name='introText', opacity=1.0, ori=0, pos=array([0., 0.]), rgb=array([255., 255., 255.]), text=str(...), units='height', win=Window(...), wrapWidth=1)
10.9542 	EXP 	Created InstructValenceText = TextStim(__class__=<class 'psychopy.visual.text.TextStim'>, alignHoriz='center', alignVert='center', antialias=True, autoLog=True, bold=False, color='white', colorSpace='named', contrast=1.0, depth=0.0, flipHoriz=False, flipVert=False, font='Arial', fontFiles=[], height=0.025, italic=False, languageStyle='LTR', name='InstructValenceText', opacity=1.0, ori=0, pos=array([0., 0.]), rgb=array([255., 255., 255.]), text=str(...), units='height', win=Window(...), wrapWidth=1)
11.0683 	EXP 	Created Valence = ImageStim(__class__=<class 'psychopy.visual.image.ImageStim'>, autoLog=True, color=array([1., 1., 1.]), colorSpace='rgb', contrast=1.0, depth=-1.0, flipHoriz=False, flipVert=False, image='Valence.png', interpolate=True, mask=None, maskParams=None, name='Valence', opacity=1.0, ori=0.0, pos=array([0.  , 0.25]), size=array([0.5 , 0.25]), texRes=128, units='height', win=Window(...))
11.0982 	EXP 	Created InstructArousalText = TextStim(__class__=<class 'psychopy.visual.text.TextStim'>, alignHoriz='center', alignVert='center', antialias=True, autoLog=True, bold=False, color='white', colorSpace='named', contrast=1.0, depth=0.0, flipHoriz=False, flipVert=False, font='Arial', fontFiles=[], height=0.025, italic=False, languageStyle='LTR', name='InstructArousalText', opacity=1.0, ori=0, pos=array([0., 0.]), rgb=array([255., 255., 255.]), text=str(...), units='height', win=Window(...), wrapWidth=1)
11.1163 	EXP 	Created Arousal = ImageStim(__class__=<class 'psychopy.visual.image.ImageStim'>, autoLog=True, color=array([1., 1., 1.]), colorSpace='rgb', contrast=1.0, depth=-1.0, flipHoriz=False, flipVert=False, image='Arousal.png', interpolate=True, mask=None, maskParams=None, name='Arousal', opacity=1.0, ori=0.0, pos=array([0.  , 0.25]), size=array([0.5 , 0.25]), texRes=128, units='height', win=Window(...))
11.1304 	EXP 	Created WordPresentation = TextStim(__class__=<class 'psychopy.visual.text.TextStim'>, alignHoriz='center', alignVert='center', antialias=True, autoLog=True, bold=False, color='white', colorSpace='named', contrast=1.0, depth=0.0, flipHoriz=False, flipVert=False, font='Arial', fontFiles=[], height=0.05, italic=False, languageStyle='LTR', name='WordPresentation', opacity=1.0, ori=0, pos=array([ 0. , -0.1]), rgb=array([255., 255., 255.]), text='default text', units='height', win=Window(...), wrapWidth=1)
11.2048 	EXP 	Created rating_3 = RatingScale(__class__=type(...), acceptKeys=['return'], acceptPreText=UNKNOWN, acceptSize=UNKNOWN, acceptText='accept?', autoLog=True, choices=False, depth=0, disappear=False, flipVert=False, high=9, kwargs=UNKNOWN, labels=list(...), leftKeys=['left'], lineColor='White', low=1, marker=ShapeStim(...), markerColor='DarkBlue', markerExpansion=UNKNOWN, markerStart=None, maxTime=0.0, minTime=0.4, mouseOnly=False, name='rating_3', noMouse=False, pos=[0.0, -0.4], precision=1, respKeys=['1', '2', '3', '4', '5', '6', '7', '8', '9'], rightKeys=['right'], scale='', self=UNKNOWN, showAccept=True, showValue=True, singleClick=True, size=0.6, skipKeys=['tab'], stretch=1.0, textColor='LightGray', textFont='Helvetica Bold', textSize=0.12, tickHeight=1.0, tickMarks=8.0, win=Window(...))
11.2207 	EXP 	Created ArousalGuide = ImageStim(__class__=<class 'psychopy.visual.image.ImageStim'>, autoLog=True, color=array([1., 1., 1.]), colorSpace='rgb', contrast=1.0, depth=-2.0, flipHoriz=False, flipVert=False, image='Arousal.png', interpolate=True, mask=None, maskParams=None, name='ArousalGuide', opacity=1.0, ori=0.0, pos=array([0.  , 0.25]), size=array([0.5 , 0.25]), texRes=128, units='height', win=Window(...))
11.2461 	EXP 	Created text_3 = TextStim(__class__=<class 'psychopy.visual.text.TextStim'>, alignHoriz='center', alignVert='center', antialias=True, autoLog=True, bold=False, color='white', colorSpace='named', contrast=1.0, depth=-3.0, flipHoriz=False, flipVert=False, font='Arial', fontFiles=[], height=0.05, italic=False, languageStyle='LTR', name='text_3', opacity=1.0, ori=0, pos=array([0., 0.]), rgb=array([255., 255., 255.]), text='Arousal\n1=Excited, 9=Calm', units='height', win=Window(...), wrapWidth=1)
11.2539 	EXP 	Created WordPresentation2 = TextStim(__class__=<class 'psychopy.visual.text.TextStim'>, alignHoriz='center', alignVert='center', antialias=True, autoLog=True, bold=False, color='White', colorSpace='named', contrast=1.0, depth=0.0, flipHoriz=False, flipVert=False, font='Arial', fontFiles=[], height=0.05, italic=False, languageStyle='LTR', name='WordPresentation2', opacity=1.0, ori=0, pos=array([ 0. , -0.1]), rgb=array([255., 255., 255.]), text='default text', units='height', win=Window(...), wrapWidth=1)
11.2682 	EXP 	Created ValenceImage = ImageStim(__class__=<class 'psychopy.visual.image.ImageStim'>, autoLog=True, color=array([1., 1., 1.]), colorSpace='rgb', contrast=1.0, depth=-1.0, flipHoriz=False, flipVert=False, image='Valence.png', interpolate=True, mask=None, maskParams=None, name='ValenceImage', opacity=1.0, ori=0.0, pos=array([0.  , 0.25]), size=array([0.5 , 0.25]), texRes=128, units='height', win=Window(...))
11.2995 	EXP 	Created ValenceRating = RatingScale(__class__=type(...), acceptKeys=['return'], acceptPreText=UNKNOWN, acceptSize=UNKNOWN, acceptText='accept?', autoLog=True, choices=False, depth=0, disappear=False, flipVert=False, high=9, kwargs=UNKNOWN, labels=list(...), leftKeys=['left'], lineColor='White', low=1, marker=ShapeStim(...), markerColor='DarkBlue', markerExpansion=UNKNOWN, markerStart=None, maxTime=0.0, minTime=0.4, mouseOnly=False, name='ValenceRating', noMouse=False, pos=[0.0, -0.4], precision=1, respKeys=['1', '2', '3', '4', '5', '6', '7', '8', '9'], rightKeys=['right'], scale='', self=UNKNOWN, showAccept=True, showValue=True, singleClick=True, size=0.6, skipKeys=['tab'], stretch=1.0, textColor='LightGray', textFont='Helvetica Bold', textSize=0.12, tickHeight=1.0, tickMarks=8.0, win=Window(...))
11.3161 	EXP 	Created text_2 = TextStim(__class__=<class 'psychopy.visual.text.TextStim'>, alignHoriz='center', alignVert='center', antialias=True, autoLog=True, bold=False, color='white', colorSpace='named', contrast=1.0, depth=-3.0, flipHoriz=False, flipVert=False, font='Arial', fontFiles=[], height=0.05, italic=False, languageStyle='LTR', name='text_2', opacity=1.0, ori=0, pos=array([0., 0.]), rgb=array([255., 255., 255.]), text='Valence\n1=Unhappy, 9=Happy\n', units='height', win=Window(...), wrapWidth=1)
11.3525 	EXP 	Created GoodbyeText = TextStim(__class__=<class 'psychopy.visual.text.TextStim'>, alignHoriz='center', alignVert='center', antialias=True, autoLog=True, bold=False, color='white', colorSpace='named', contrast=1.0, depth=0.0, flipHoriz=False, flipVert=False, font='Arial', fontFiles=[], height=0.05, italic=False, languageStyle='LTR', name='GoodbyeText', opacity=1.0, ori=0, pos=array([0., 0.]), rgb=array([255., 255., 255.]), text=str(...), units='height', win=Window(...), wrapWidth=1)
11.3768 	EXP 	rating_3: flipVert = False
11.3768 	EXP 	rating_3: autoLog = True
11.3768 	EXP 	ValenceRating: flipVert = False
11.3768 	EXP 	ValenceRating: autoLog = True
11.3768 	EXP 	text: autoDraw = True
12.5487 	DATA 	Mouse: Left button down, pos=(146,878)
12.5628 	EXP 	text: autoDraw = False
12.5628 	EXP 	introText: autoDraw = True
12.6148 	DATA 	Mouse:  Left button up, pos=(146,878)
13.1505 	DATA 	Mouse: Left button down, pos=(203,764)
13.1641 	EXP 	introText: autoDraw = False
13.1641 	EXP 	InstructValenceText: autoDraw = True
13.1641 	EXP 	Valence: autoDraw = True
13.2487 	DATA 	Mouse:  Left button up, pos=(203,764)
13.5692 	DATA 	Mouse: Left button down, pos=(203,764)
13.5823 	EXP 	InstructValenceText: autoDraw = False
13.5823 	EXP 	Valence: autoDraw = False
13.5823 	EXP 	InstructArousalText: autoDraw = True
13.5823 	EXP 	Arousal: autoDraw = True
13.9335 	DATA 	Mouse:  Left button up, pos=(203,764)
14.3191 	DATA 	Mouse: Left button down, pos=(203,764)
14.3406 	EXP 	Imported conditions.xlsx as conditions, 4 conditions, 1 params
14.3414 	EXP 	Created sequence: random, trialTypes=4, nReps=1, seed=None
14.3418 	EXP 	New trial (rep=0, index=0): OrderedDict([('word', 'run')])
14.3460 	EXP 	RatingScale rating_3: reset()
14.3581 	DATA 	Mouse:  Left button up, pos=(203,764)
14.3680 	EXP 	InstructArousalText: autoDraw = False
14.3680 	EXP 	Arousal: autoDraw = False
14.3680 	EXP 	WordPresentation: text = 'run'
14.3680 	EXP 	WordPresentation: autoDraw = True
14.3680 	EXP 	rating_3: autoDraw = True
14.3680 	EXP 	ArousalGuide: autoDraw = True
14.3680 	EXP 	text_3: autoDraw = True
15.8080 	DATA 	Mouse: Left button down, pos=(410,267)
15.8084 	DATA 	RatingScale rating_3: (mouse single-click) rating=5
15.8084 	DATA 	RatingScale rating_3: rating RT=1.461
15.8085 	DATA 	RatingScale rating_3: history=[(None, 0.0), (5, 1.461)]
15.8298 	EXP 	RatingScale ValenceRating: reset()
15.8545 	EXP 	WordPresentation: autoDraw = False
15.8545 	EXP 	rating_3: autoDraw = False
15.8545 	EXP 	ArousalGuide: autoDraw = False
15.8545 	EXP 	text_3: autoDraw = False
15.8545 	EXP 	WordPresentation2: text = 'run'
15.8545 	EXP 	WordPresentation2: autoDraw = True
15.8545 	EXP 	ValenceImage: autoDraw = True
15.8545 	EXP 	ValenceRating: autoDraw = True
15.8545 	EXP 	text_2: autoDraw = True
15.8932 	DATA 	Mouse:  Left button up, pos=(410,267)
17.1797 	DATA 	Mouse: Left button down, pos=(449,272)
17.1803 	DATA 	RatingScale ValenceRating: (mouse single-click) rating=7
17.1804 	DATA 	RatingScale ValenceRating: rating RT=1.349
17.1804 	DATA 	RatingScale ValenceRating: history=[(None, 0.0), (5, 0.013), (6, 0.436), (7, 0.553), (7, 1.349)]
17.1950 	EXP 	New trial (rep=0, index=1): OrderedDict([('word', 'bastard')])
17.2049 	EXP 	RatingScale rating_3: reset()
17.2248 	EXP 	WordPresentation2: autoDraw = False
17.2248 	EXP 	ValenceImage: autoDraw = False
17.2248 	EXP 	ValenceRating: autoDraw = False
17.2248 	EXP 	text_2: autoDraw = False
17.2248 	EXP 	WordPresentation: text = 'bastard'
17.2248 	EXP 	WordPresentation: autoDraw = True
17.2248 	EXP 	rating_3: autoDraw = True
17.2248 	EXP 	ArousalGuide: autoDraw = True
17.2248 	EXP 	text_3: autoDraw = True
17.2628 	DATA 	Mouse:  Left button up, pos=(449,272)
17.9995 	DATA 	Mouse: Left button down, pos=(468,272)
18.0002 	DATA 	RatingScale rating_3: (mouse single-click) rating=7
18.0002 	DATA 	RatingScale rating_3: rating RT=0.794
18.0003 	DATA 	RatingScale rating_3: history=[(None, 0.0), (7, 0.003), (7, 0.794)]
18.0265 	EXP 	RatingScale ValenceRating: reset()
18.0434 	EXP 	WordPresentation: autoDraw = False
18.0434 	EXP 	rating_3: autoDraw = False
18.0434 	EXP 	ArousalGuide: autoDraw = False
18.0434 	EXP 	text_3: autoDraw = False
18.0434 	EXP 	WordPresentation2: text = 'bastard'
18.0434 	EXP 	WordPresentation2: autoDraw = True
18.0434 	EXP 	ValenceImage: autoDraw = True
18.0434 	EXP 	ValenceRating: autoDraw = True
18.0434 	EXP 	text_2: autoDraw = True
18.0531 	DATA 	Mouse:  Left button up, pos=(468,272)
18.9176 	DATA 	Mouse: Left button down, pos=(409,272)
18.9183 	DATA 	RatingScale ValenceRating: (mouse single-click) rating=5
18.9184 	DATA 	RatingScale ValenceRating: rating RT=0.891
18.9184 	DATA 	RatingScale ValenceRating: history=[(None, 0.0), (7, 0.003), (6, 0.711), (5, 0.776), (5, 0.891)]
18.9314 	EXP 	New trial (rep=0, index=2): OrderedDict([('word', 'jump')])
18.9460 	EXP 	RatingScale rating_3: reset()
18.9625 	EXP 	WordPresentation2: autoDraw = False
18.9625 	EXP 	ValenceImage: autoDraw = False
18.9625 	EXP 	ValenceRating: autoDraw = False
18.9625 	EXP 	text_2: autoDraw = False
18.9625 	EXP 	WordPresentation: text = 'jump'
18.9625 	EXP 	WordPresentation: autoDraw = True
18.9625 	EXP 	rating_3: autoDraw = True
18.9625 	EXP 	ArousalGuide: autoDraw = True
18.9625 	EXP 	text_3: autoDraw = True
19.0186 	DATA 	Mouse:  Left button up, pos=(409,272)
19.8196 	DATA 	Mouse: Left button down, pos=(447,268)
19.8202 	DATA 	RatingScale rating_3: (mouse single-click) rating=7
19.8202 	DATA 	RatingScale rating_3: rating RT=0.873
19.8202 	DATA 	RatingScale rating_3: history=[(None, 0.0), (5, 0.003), (6, 0.56), (7, 0.727), (7, 0.873)]
19.8472 	EXP 	RatingScale ValenceRating: reset()
19.8645 	EXP 	WordPresentation: autoDraw = False
19.8645 	EXP 	rating_3: autoDraw = False
19.8645 	EXP 	ArousalGuide: autoDraw = False
19.8645 	EXP 	text_3: autoDraw = False
19.8645 	EXP 	WordPresentation2: text = 'jump'
19.8645 	EXP 	WordPresentation2: autoDraw = True
19.8645 	EXP 	ValenceImage: autoDraw = True
19.8645 	EXP 	ValenceRating: autoDraw = True
19.8645 	EXP 	text_2: autoDraw = True
19.9196 	DATA 	Mouse:  Left button up, pos=(447,268)
22.5613 	DATA 	Mouse: Left button down, pos=(447,268)
22.5620 	DATA 	RatingScale ValenceRating: (mouse single-click) rating=7
22.5620 	DATA 	RatingScale ValenceRating: rating RT=2.713
22.5621 	DATA 	RatingScale ValenceRating: history=[(None, 0.0), (7, 0.003), (7, 2.713)]
22.5748 	EXP 	New trial (rep=0, index=3): OrderedDict([('word', 'funny')])
22.5880 	EXP 	RatingScale rating_3: reset()
22.6060 	EXP 	WordPresentation2: autoDraw = False
22.6060 	EXP 	ValenceImage: autoDraw = False
22.6060 	EXP 	ValenceRating: autoDraw = False
22.6060 	EXP 	text_2: autoDraw = False
22.6060 	EXP 	WordPresentation: text = 'funny'
22.6060 	EXP 	WordPresentation: autoDraw = True
22.6060 	EXP 	rating_3: autoDraw = True
22.6060 	EXP 	ArousalGuide: autoDraw = True
22.6060 	EXP 	text_3: autoDraw = True
22.6152 	DATA 	Mouse:  Left button up, pos=(447,268)
23.4639 	DATA 	Mouse: Left button down, pos=(447,268)
23.4646 	DATA 	RatingScale rating_3: (mouse single-click) rating=7
23.4647 	DATA 	RatingScale rating_3: rating RT=0.876
23.4647 	DATA 	RatingScale rating_3: history=[(None, 0.0), (7, 0.003), (7, 0.876)]
23.4904 	EXP 	RatingScale ValenceRating: reset()
23.5083 	EXP 	WordPresentation: autoDraw = False
23.5083 	EXP 	rating_3: autoDraw = False
23.5083 	EXP 	ArousalGuide: autoDraw = False
23.5083 	EXP 	text_3: autoDraw = False
23.5083 	EXP 	WordPresentation2: text = 'funny'
23.5083 	EXP 	WordPresentation2: autoDraw = True
23.5083 	EXP 	ValenceImage: autoDraw = True
23.5083 	EXP 	ValenceRating: autoDraw = True
23.5083 	EXP 	text_2: autoDraw = True
23.5464 	DATA 	Mouse:  Left button up, pos=(447,268)
24.1682 	DATA 	Mouse: Left button down, pos=(447,268)
24.1807 	DATA 	RatingScale ValenceRating: (mouse single-click) rating=7
24.1807 	DATA 	RatingScale ValenceRating: rating RT=0.689
24.1808 	DATA 	RatingScale ValenceRating: history=[(None, 0.0), (7, 0.003), (7, 0.689)]
24.2105 	EXP 	WordPresentation2: autoDraw = False
24.2105 	EXP 	ValenceImage: autoDraw = False
24.2105 	EXP 	ValenceRating: autoDraw = False
24.2105 	EXP 	text_2: autoDraw = False
24.2105 	EXP 	GoodbyeText: autoDraw = True
24.2631 	DATA 	Mouse:  Left button up, pos=(447,268)
26.1846 	DATA 	Mouse: Left button down, pos=(455,357)
26.2501 	DATA 	Mouse:  Left button up, pos=(455,357)
29.2241 	EXP 	GoodbyeText: autoDraw = False
29.2454 	EXP 	window1: mouseVisible = True
