12.3712 	EXP 	Created window1 = Window(allowGUI=True, allowStencil=False, args=UNKNOWN, autoLog=True, bitsMode=UNKNOWN, blendMode='avg', color=array([0., 0., 0.]), colorSpace='rgb', fullscr=<method-wrapper '__getattribute__' of attributeSetter object at 0x1306a0e80>, gamma=None, gammaErrorPolicy='raise', kwargs=UNKNOWN, lms=UNKNOWN, monitor=<psychopy.monitors.calibTools.Monitor object at 0x1307bb2e8>, multiSample=False, name='window1', numSamples=2, pos=[320.0, 0.0], screen=0, size=array([800, 900]), stereo=False, units='height', useFBO=True, useRetina=False, viewOri=0.0, viewPos=None, viewScale=None, waitBlanking=True, winType='pyglet')
12.3712 	EXP 	window1: recordFrameIntervals = False
12.5350 	EXP 	window1: recordFrameIntervals = True
12.7200 	EXP 	window1: recordFrameIntervals = False
13.8729 	EXP 	Created introText = TextStim(__class__=<class 'psychopy.visual.text.TextStim'>, alignHoriz='center', alignVert='center', antialias=True, autoLog=True, bold=False, color='white', colorSpace='named', contrast=1.0, depth=0.0, flipHoriz=False, flipVert=False, font='Arial', fontFiles=[], height=0.1, italic=False, languageStyle='LTR', name='introText', opacity=1.0, ori=0, pos=array([0., 0.]), rgb=array([255., 255., 255.]), text=str(...), units='height', win=Window(...), wrapWidth=1)
13.8848 	EXP 	Created InstructValenceText = TextStim(__class__=<class 'psychopy.visual.text.TextStim'>, alignHoriz='center', alignVert='center', antialias=True, autoLog=True, bold=False, color='white', colorSpace='named', contrast=1.0, depth=0.0, flipHoriz=False, flipVert=False, font='Arial', fontFiles=[], height=0.1, italic=False, languageStyle='LTR', name='InstructValenceText', opacity=1.0, ori=0, pos=array([0., 0.]), rgb=array([255., 255., 255.]), text='be valenced', units='height', win=Window(...), wrapWidth=1)
14.0111 	EXP 	Created Valence = ImageStim(__class__=<class 'psychopy.visual.image.ImageStim'>, autoLog=True, color=array([1., 1., 1.]), colorSpace='rgb', contrast=1.0, depth=-1.0, flipHoriz=False, flipVert=False, image='Valence.png', interpolate=True, mask=None, maskParams=None, name='Valence', opacity=1.0, ori=0.0, pos=array([0., 0.]), size=array([0.5, 0.5]), texRes=128, units='height', win=Window(...))
14.0197 	EXP 	Created InstructArousalText = TextStim(__class__=<class 'psychopy.visual.text.TextStim'>, alignHoriz='center', alignVert='center', antialias=True, autoLog=True, bold=False, color='white', colorSpace='named', contrast=1.0, depth=0.0, flipHoriz=False, flipVert=False, font='Arial', fontFiles=[], height=0.1, italic=False, languageStyle='LTR', name='InstructArousalText', opacity=1.0, ori=0, pos=array([0., 0.]), rgb=array([255., 255., 255.]), text='be aroused', units='height', win=Window(...), wrapWidth=1)
14.0405 	EXP 	Created Arousal = ImageStim(__class__=<class 'psychopy.visual.image.ImageStim'>, autoLog=True, color=array([1., 1., 1.]), colorSpace='rgb', contrast=1.0, depth=-1.0, flipHoriz=False, flipVert=False, image='Arousal.png', interpolate=True, mask=None, maskParams=None, name='Arousal', opacity=1.0, ori=0.0, pos=array([0., 0.]), size=array([0.5, 0.5]), texRes=128, units='height', win=Window(...))
14.0537 	EXP 	Created WordPresentation = TextStim(__class__=<class 'psychopy.visual.text.TextStim'>, alignHoriz='center', alignVert='center', antialias=True, autoLog=True, bold=False, color='white', colorSpace='named', contrast=1.0, depth=0.0, flipHoriz=False, flipVert=False, font='Arial', fontFiles=[], height=0.05, italic=False, languageStyle='LTR', name='WordPresentation', opacity=1.0, ori=0, pos=array([0., 0.]), rgb=array([255., 255., 255.]), text='default text', units='height', win=Window(...), wrapWidth=1)
14.1882 	EXP 	Created rating_3 = RatingScale(__class__=type(...), acceptKeys=['return'], acceptPreText=UNKNOWN, acceptSize=UNKNOWN, acceptText='accept?', autoLog=True, choices=False, depth=0, disappear=False, flipVert=False, high=9, kwargs=UNKNOWN, labels=list(...), leftKeys=['left'], lineColor='White', low=1, marker=ShapeStim(...), markerColor='DarkBlue', markerExpansion=UNKNOWN, markerStart=None, maxTime=0.0, minTime=0.4, mouseOnly=False, name='rating_3', noMouse=False, pos=[0.0, -0.4], precision=1, respKeys=['1', '2', '3', '4', '5', '6', '7', '8', '9'], rightKeys=['right'], scale='', self=UNKNOWN, showAccept=True, showValue=True, singleClick=True, size=0.6, skipKeys=['tab'], stretch=1.0, textColor='LightGray', textFont='Helvetica Bold', textSize=0.12, tickHeight=1.0, tickMarks=8.0, win=Window(...))
14.2021 	EXP 	Created ArousalGuide = ImageStim(__class__=<class 'psychopy.visual.image.ImageStim'>, autoLog=True, color=array([1., 1., 1.]), colorSpace='rgb', contrast=1.0, depth=-2.0, flipHoriz=False, flipVert=False, image='Arousal.png', interpolate=True, mask=None, maskParams=None, name='ArousalGuide', opacity=1.0, ori=0.0, pos=array([0.  , 0.25]), size=array([0.5 , 0.25]), texRes=128, units='height', win=Window(...))
14.2186 	EXP 	Created WordPresentation2 = TextStim(__class__=<class 'psychopy.visual.text.TextStim'>, alignHoriz='center', alignVert='center', antialias=True, autoLog=True, bold=False, color='white', colorSpace='named', contrast=1.0, depth=0.0, flipHoriz=False, flipVert=False, font='Arial', fontFiles=[], height=0.07, italic=False, languageStyle='LTR', name='WordPresentation2', opacity=1.0, ori=0, pos=array([0., 0.]), rgb=array([255., 255., 255.]), text='default text', units='height', win=Window(...), wrapWidth=1)
14.2372 	EXP 	Created ValenceImage = ImageStim(__class__=<class 'psychopy.visual.image.ImageStim'>, autoLog=True, color=array([1., 1., 1.]), colorSpace='rgb', contrast=1.0, depth=-1.0, flipHoriz=False, flipVert=False, image='Valence.png', interpolate=True, mask=None, maskParams=None, name='ValenceImage', opacity=1.0, ori=0.0, pos=array([0.  , 0.25]), size=array([0.5 , 0.25]), texRes=128, units='height', win=Window(...))
14.2701 	EXP 	Created ValenceRating = RatingScale(__class__=type(...), acceptKeys=['return'], acceptPreText=UNKNOWN, acceptSize=UNKNOWN, acceptText='accept?', autoLog=True, choices=False, depth=0, disappear=False, flipVert=False, high=9, kwargs=UNKNOWN, labels=list(...), leftKeys=['left'], lineColor='White', low=1, marker=ShapeStim(...), markerColor='DarkBlue', markerExpansion=UNKNOWN, markerStart=None, maxTime=0.0, minTime=0.4, mouseOnly=False, name='ValenceRating', noMouse=False, pos=[0.0, -0.4], precision=1, respKeys=['1', '2', '3', '4', '5', '6', '7', '8', '9'], rightKeys=['right'], scale='', self=UNKNOWN, showAccept=True, showValue=True, singleClick=True, size=0.6, skipKeys=['tab'], stretch=1.0, textColor='LightGray', textFont='Helvetica Bold', textSize=0.12, tickHeight=1.0, tickMarks=8.0, win=Window(...))
14.3431 	EXP 	Created GoodbyeText = TextStim(__class__=<class 'psychopy.visual.text.TextStim'>, alignHoriz='center', alignVert='center', antialias=True, autoLog=True, bold=False, color='white', colorSpace='named', contrast=1.0, depth=0.0, flipHoriz=False, flipVert=False, font='Arial', fontFiles=[], height=0.1, italic=False, languageStyle='LTR', name='GoodbyeText', opacity=1.0, ori=0, pos=array([0., 0.]), rgb=array([255., 255., 255.]), text=str(...), units='height', win=Window(...), wrapWidth=1)
14.3578 	EXP 	rating_3: flipVert = False
14.3578 	EXP 	rating_3: autoLog = True
14.3578 	EXP 	ValenceRating: flipVert = False
14.3578 	EXP 	ValenceRating: autoLog = True
14.3578 	EXP 	introText: autoDraw = True
16.8992 	DATA 	Mouse: Left button down, pos=(301,519)
16.9141 	EXP 	introText: autoDraw = False
16.9141 	EXP 	InstructValenceText: autoDraw = True
16.9141 	EXP 	Valence: autoDraw = True
17.0164 	DATA 	Mouse:  Left button up, pos=(301,519)
18.6704 	DATA 	Mouse: Left button down, pos=(302,519)
18.6852 	EXP 	InstructValenceText: autoDraw = False
18.6852 	EXP 	Valence: autoDraw = False
18.6852 	EXP 	InstructArousalText: autoDraw = True
18.6852 	EXP 	Arousal: autoDraw = True
18.7545 	DATA 	Mouse:  Left button up, pos=(302,519)
20.0248 	DATA 	Mouse: Left button down, pos=(302,519)
20.0975 	EXP 	Imported conditions.xlsx as conditions, 4 conditions, 1 params
20.1021 	EXP 	Created sequence: random, trialTypes=4, nReps=1, seed=None
20.1039 	EXP 	New trial (rep=0, index=0): OrderedDict([('word', 'funny')])
20.1135 	EXP 	RatingScale rating_3: reset()
20.1314 	DATA 	Mouse:  Left button up, pos=(302,519)
20.1557 	EXP 	InstructArousalText: autoDraw = False
20.1557 	EXP 	Arousal: autoDraw = False
20.1557 	EXP 	WordPresentation: text = 'funny'
20.1557 	EXP 	WordPresentation: autoDraw = True
20.1557 	EXP 	rating_3: autoDraw = True
20.1557 	EXP 	ArousalGuide: autoDraw = True
22.2328 	DATA 	Mouse: Left button down, pos=(418,272)
22.2334 	DATA 	RatingScale rating_3: (mouse single-click) rating=6
22.2334 	DATA 	RatingScale rating_3: rating RT=2.119
22.2335 	DATA 	RatingScale rating_3: history=[(None, 0.0), (6, 2.118)]
22.2571 	EXP 	RatingScale ValenceRating: reset()
22.2796 	EXP 	WordPresentation: autoDraw = False
22.2796 	EXP 	rating_3: autoDraw = False
22.2796 	EXP 	ArousalGuide: autoDraw = False
22.2796 	EXP 	WordPresentation2: text = 'funny'
22.2796 	EXP 	WordPresentation2: autoDraw = True
22.2796 	EXP 	ValenceImage: autoDraw = True
22.2796 	EXP 	ValenceRating: autoDraw = True
22.2921 	DATA 	Mouse:  Left button up, pos=(418,272)
22.7528 	DATA 	Mouse: Left button down, pos=(418,272)
22.7534 	DATA 	RatingScale ValenceRating: (mouse single-click) rating=6
22.7535 	DATA 	RatingScale ValenceRating: rating RT=0.495
22.7535 	DATA 	RatingScale ValenceRating: history=[(None, 0.0), (6, 0.008), (6, 0.495)]
22.7657 	EXP 	New trial (rep=0, index=1): OrderedDict([('word', 'bastard')])
22.7760 	EXP 	RatingScale rating_3: reset()
22.7962 	EXP 	WordPresentation2: autoDraw = False
22.7962 	EXP 	ValenceImage: autoDraw = False
22.7962 	EXP 	ValenceRating: autoDraw = False
22.7962 	EXP 	WordPresentation: text = 'bastard'
22.7962 	EXP 	WordPresentation: autoDraw = True
22.7962 	EXP 	rating_3: autoDraw = True
22.7962 	EXP 	ArousalGuide: autoDraw = True
22.8352 	DATA 	Mouse:  Left button up, pos=(418,272)
23.8200 	DATA 	Mouse: Left button down, pos=(403,275)
23.8206 	DATA 	RatingScale rating_3: (mouse single-click) rating=5
23.8207 	DATA 	RatingScale rating_3: rating RT=1.044
23.8207 	DATA 	RatingScale rating_3: history=[(None, 0.0), (6, 0.003), (5, 0.53), (5, 1.044)]
23.8482 	EXP 	RatingScale ValenceRating: reset()
23.8648 	EXP 	WordPresentation: autoDraw = False
23.8648 	EXP 	rating_3: autoDraw = False
23.8648 	EXP 	ArousalGuide: autoDraw = False
23.8648 	EXP 	WordPresentation2: text = 'bastard'
23.8648 	EXP 	WordPresentation2: autoDraw = True
23.8648 	EXP 	ValenceImage: autoDraw = True
23.8648 	EXP 	ValenceRating: autoDraw = True
23.9386 	DATA 	Mouse:  Left button up, pos=(403,275)
24.3734 	DATA 	Mouse: Left button down, pos=(379,274)
24.3744 	DATA 	RatingScale ValenceRating: (mouse single-click) rating=4
24.3744 	DATA 	RatingScale ValenceRating: rating RT=0.525
24.3745 	DATA 	RatingScale ValenceRating: history=[(None, 0.0), (5, 0.003), (4, 0.411), (4, 0.525)]
24.3853 	EXP 	New trial (rep=0, index=2): OrderedDict([('word', 'run')])
24.3974 	EXP 	RatingScale rating_3: reset()
24.4178 	EXP 	WordPresentation2: autoDraw = False
24.4178 	EXP 	ValenceImage: autoDraw = False
24.4178 	EXP 	ValenceRating: autoDraw = False
24.4178 	EXP 	WordPresentation: text = 'run'
24.4178 	EXP 	WordPresentation: autoDraw = True
24.4178 	EXP 	rating_3: autoDraw = True
24.4178 	EXP 	ArousalGuide: autoDraw = True
24.4716 	DATA 	Mouse:  Left button up, pos=(379,274)
24.9251 	DATA 	Mouse: Left button down, pos=(383,274)
24.9258 	DATA 	RatingScale rating_3: (mouse single-click) rating=4
24.9259 	DATA 	RatingScale rating_3: rating RT=0.527
24.9259 	DATA 	RatingScale rating_3: history=[(None, 0.0), (4, 0.003), (4, 0.527)]
24.9495 	EXP 	RatingScale ValenceRating: reset()
24.9692 	EXP 	WordPresentation: autoDraw = False
24.9692 	EXP 	rating_3: autoDraw = False
24.9692 	EXP 	ArousalGuide: autoDraw = False
24.9692 	EXP 	WordPresentation2: text = 'run'
24.9692 	EXP 	WordPresentation2: autoDraw = True
24.9692 	EXP 	ValenceImage: autoDraw = True
24.9692 	EXP 	ValenceRating: autoDraw = True
25.0089 	DATA 	Mouse:  Left button up, pos=(383,274)
25.2078 	DATA 	Mouse: Left button down, pos=(383,274)
25.2736 	DATA 	Mouse:  Left button up, pos=(383,274)
25.3916 	DATA 	Mouse: Left button down, pos=(383,274)
25.3923 	DATA 	RatingScale ValenceRating: (mouse single-click) rating=4
25.3924 	DATA 	RatingScale ValenceRating: rating RT=0.442
25.3924 	DATA 	RatingScale ValenceRating: history=[(None, 0.0), (4, 0.003), (4, 0.442)]
25.4041 	EXP 	New trial (rep=0, index=3): OrderedDict([('word', 'jump')])
25.4199 	EXP 	RatingScale rating_3: reset()
25.4363 	EXP 	WordPresentation2: autoDraw = False
25.4363 	EXP 	ValenceImage: autoDraw = False
25.4363 	EXP 	ValenceRating: autoDraw = False
25.4363 	EXP 	WordPresentation: text = 'jump'
25.4363 	EXP 	WordPresentation: autoDraw = True
25.4363 	EXP 	rating_3: autoDraw = True
25.4363 	EXP 	ArousalGuide: autoDraw = True
25.4585 	DATA 	Mouse:  Left button up, pos=(383,274)
25.8252 	DATA 	Mouse: Left button down, pos=(383,274)
25.8257 	DATA 	RatingScale rating_3: (mouse single-click) rating=4
25.8258 	DATA 	RatingScale rating_3: rating RT=0.405
25.8258 	DATA 	RatingScale rating_3: history=[(None, 0.0), (4, 0.003), (4, 0.405)]
25.8560 	EXP 	RatingScale ValenceRating: reset()
25.8708 	EXP 	WordPresentation: autoDraw = False
25.8708 	EXP 	rating_3: autoDraw = False
25.8708 	EXP 	ArousalGuide: autoDraw = False
25.8708 	EXP 	WordPresentation2: text = 'jump'
25.8708 	EXP 	WordPresentation2: autoDraw = True
25.8708 	EXP 	ValenceImage: autoDraw = True
25.8708 	EXP 	ValenceRating: autoDraw = True
25.9093 	DATA 	Mouse:  Left button up, pos=(383,274)
26.1102 	DATA 	Mouse: Left button down, pos=(383,274)
26.1939 	DATA 	Mouse:  Left button up, pos=(383,274)
26.7438 	DATA 	Mouse: Left button down, pos=(419,267)
26.7443 	DATA 	RatingScale ValenceRating: (mouse single-click) rating=6
26.7444 	DATA 	RatingScale ValenceRating: rating RT=0.887
26.7444 	DATA 	RatingScale ValenceRating: history=[(None, 0.0), (4, 0.004), (5, 0.743), (6, 0.792), (6, 0.887)]
26.7726 	EXP 	WordPresentation2: autoDraw = False
26.7726 	EXP 	ValenceImage: autoDraw = False
26.7726 	EXP 	ValenceRating: autoDraw = False
26.7726 	EXP 	GoodbyeText: autoDraw = True
26.8260 	DATA 	Mouse:  Left button up, pos=(419,267)
30.3199 	DATA 	Mouse: Left button down, pos=(331,419)
30.5195 	DATA 	Mouse:  Left button up, pos=(331,419)
31.7873 	EXP 	GoodbyeText: autoDraw = False
31.8082 	EXP 	window1: mouseVisible = True
