15.1332 	EXP 	Created window1 = Window(allowGUI=True, allowStencil=False, args=UNKNOWN, autoLog=True, bitsMode=UNKNOWN, blendMode='avg', color=array([0., 0., 0.]), colorSpace='rgb', fullscr=<method-wrapper '__getattribute__' of attributeSetter object at 0x130ae4cf8>, gamma=None, gammaErrorPolicy='raise', kwargs=UNKNOWN, lms=UNKNOWN, monitor=<psychopy.monitors.calibTools.Monitor object at 0x130bf7128>, multiSample=False, name='window1', numSamples=2, pos=[320.0, 0.0], screen=0, size=array([800, 900]), stereo=False, units='height', useFBO=True, useRetina=False, viewOri=0.0, viewPos=None, viewScale=None, waitBlanking=True, winType='pyglet')
15.1333 	EXP 	window1: recordFrameIntervals = False
15.2994 	EXP 	window1: recordFrameIntervals = True
15.4836 	EXP 	window1: recordFrameIntervals = False
16.3035 	EXP 	Created introText = TextStim(__class__=<class 'psychopy.visual.text.TextStim'>, alignHoriz='center', alignVert='center', antialias=True, autoLog=True, bold=False, color='white', colorSpace='named', contrast=1.0, depth=0.0, flipHoriz=False, flipVert=False, font='Arial', fontFiles=[], height=0.1, italic=False, languageStyle='LTR', name='introText', opacity=1.0, ori=0, pos=array([0., 0.]), rgb=array([255., 255., 255.]), text='be introduced\nclick to move on', units='height', win=Window(...), wrapWidth=1)
16.3120 	EXP 	Created InstructValenceText = TextStim(__class__=<class 'psychopy.visual.text.TextStim'>, alignHoriz='center', alignVert='center', antialias=True, autoLog=True, bold=False, color='white', colorSpace='named', contrast=1.0, depth=0.0, flipHoriz=False, flipVert=False, font='Arial', fontFiles=[], height=0.1, italic=False, languageStyle='LTR', name='InstructValenceText', opacity=1.0, ori=0, pos=array([0., 0.]), rgb=array([255., 255., 255.]), text='be valenced', units='height', win=Window(...), wrapWidth=1)
16.3193 	EXP 	Created InstructArousalText = TextStim(__class__=<class 'psychopy.visual.text.TextStim'>, alignHoriz='center', alignVert='center', antialias=True, autoLog=True, bold=False, color='white', colorSpace='named', contrast=1.0, depth=0.0, flipHoriz=False, flipVert=False, font='Arial', fontFiles=[], height=0.1, italic=False, languageStyle='LTR', name='InstructArousalText', opacity=1.0, ori=0, pos=array([0., 0.]), rgb=array([255., 255., 255.]), text='be aroused', units='height', win=Window(...), wrapWidth=1)
16.3327 	EXP 	Created WordPresentation = TextStim(__class__=<class 'psychopy.visual.text.TextStim'>, alignHoriz='center', alignVert='center', antialias=True, autoLog=True, bold=False, color='white', colorSpace='named', contrast=1.0, depth=0.0, flipHoriz=False, flipVert=False, font='Arial', fontFiles=[], height=0.1, italic=False, languageStyle='LTR', name='WordPresentation', opacity=1.0, ori=0, pos=array([0., 0.]), rgb=array([255., 255., 255.]), text='BASTARD', units='height', win=Window(...), wrapWidth=1)
16.3864 	EXP 	Created rating_3 = RatingScale(__class__=type(...), acceptKeys=['return'], acceptPreText=UNKNOWN, acceptSize=UNKNOWN, acceptText='accept?', autoLog=True, choices=False, depth=0, disappear=False, flipVert=False, high=9, kwargs=UNKNOWN, labels=list(...), leftKeys=['left'], lineColor='White', low=1, marker=ShapeStim(...), markerColor='DarkBlue', markerExpansion=UNKNOWN, markerStart=None, maxTime=0.0, minTime=0.4, mouseOnly=False, name='rating_3', noMouse=False, pos=[0.0, -0.4], precision=1, respKeys=['1', '2', '3', '4', '5', '6', '7', '8', '9'], rightKeys=['right'], scale='', self=UNKNOWN, showAccept=True, showValue=True, singleClick=False, size=0.6, skipKeys=['tab'], stretch=1.0, textColor='LightGray', textFont='Helvetica Bold', textSize=0.12, tickHeight=1.0, tickMarks=8.0, win=Window(...))
16.3916 	EXP 	Created ArousalGuide = ImageStim(__class__=<class 'psychopy.visual.image.ImageStim'>, autoLog=True, color=array([1., 1., 1.]), colorSpace='rgb', contrast=1.0, depth=-2.0, flipHoriz=False, flipVert=False, image=None, interpolate=True, mask=None, maskParams=None, name='ArousalGuide', opacity=1.0, ori=0.0, pos=array([0.  , 0.25]), size=array([0.5 , 0.25]), texRes=128, units='height', win=Window(...))
16.3975 	EXP 	Created WordPresentation2 = TextStim(__class__=<class 'psychopy.visual.text.TextStim'>, alignHoriz='center', alignVert='center', antialias=True, autoLog=True, bold=False, color='white', colorSpace='named', contrast=1.0, depth=0.0, flipHoriz=False, flipVert=False, font='Arial', fontFiles=[], height=0.1, italic=False, languageStyle='LTR', name='WordPresentation2', opacity=1.0, ori=0, pos=array([0., 0.]), rgb=array([255., 255., 255.]), text='BASTARD', units='height', win=Window(...), wrapWidth=1)
16.3989 	EXP 	Created ValenceImage = ImageStim(__class__=<class 'psychopy.visual.image.ImageStim'>, autoLog=True, color=array([1., 1., 1.]), colorSpace='rgb', contrast=1.0, depth=-1.0, flipHoriz=False, flipVert=False, image=None, interpolate=True, mask=None, maskParams=None, name='ValenceImage', opacity=1.0, ori=0.0, pos=array([0.  , 0.25]), size=array([0.5 , 0.25]), texRes=128, units='height', win=Window(...))
16.4231 	EXP 	Created ValenceRating = RatingScale(__class__=type(...), acceptKeys=['return'], acceptPreText=UNKNOWN, acceptSize=UNKNOWN, acceptText='accept?', autoLog=True, choices=False, depth=0, disappear=False, flipVert=False, high=1, kwargs=UNKNOWN, labels=list(...), leftKeys=['left'], lineColor='White', low=0, marker=ShapeStim(...), markerColor='DarkBlue', markerExpansion=UNKNOWN, markerStart=None, maxTime=0.0, minTime=0.4, mouseOnly=False, name='ValenceRating', noMouse=False, pos=[0.0, -0.4], precision=100, respKeys=['0', '1'], rightKeys=['right'], scale='', self=UNKNOWN, showAccept=True, showValue=False, singleClick=True, size=0.6, skipKeys=['tab'], stretch=1.0, textColor='LightGray', textFont='Helvetica Bold', textSize=0.12, tickHeight=1.0, tickMarks=1.0, win=Window(...))
16.4429 	EXP 	Created GoodbyeText = TextStim(__class__=<class 'psychopy.visual.text.TextStim'>, alignHoriz='center', alignVert='center', antialias=True, autoLog=True, bold=False, color='white', colorSpace='named', contrast=1.0, depth=0.0, flipHoriz=False, flipVert=False, font='Arial', fontFiles=[], height=0.1, italic=False, languageStyle='LTR', name='GoodbyeText', opacity=1.0, ori=0, pos=array([0., 0.]), rgb=array([255., 255., 255.]), text='Any text\n\nincluding line breaks', units='height', win=Window(...), wrapWidth=1)
16.4687 	EXP 	rating_3: flipVert = False
16.4687 	EXP 	rating_3: autoLog = True
16.4687 	EXP 	ValenceRating: flipVert = False
16.4687 	EXP 	ValenceRating: autoLog = True
16.4687 	EXP 	introText: autoDraw = True
20.6984 	DATA 	Mouse: Left button down, pos=(457,647)
20.7146 	EXP 	introText: autoDraw = False
20.7146 	EXP 	InstructValenceText: autoDraw = True
20.7660 	DATA 	Mouse:  Left button up, pos=(457,647)
21.7165 	EXP 	InstructValenceText: autoDraw = False
21.7165 	EXP 	InstructArousalText: autoDraw = True
22.7040 	EXP 	Created sequence: random, trialTypes=1, nReps=2, seed=None
22.7047 	EXP 	New trial (rep=0, index=0): None
22.7063 	EXP 	RatingScale rating_3: reset()
22.7363 	EXP 	InstructArousalText: autoDraw = False
22.7363 	EXP 	WordPresentation: autoDraw = True
22.7363 	EXP 	rating_3: autoDraw = True
22.7363 	EXP 	ArousalGuide: autoDraw = True
29.9911 	DATA 	Mouse: Left button down, pos=(431,274)
30.0453 	DATA 	Mouse:  Left button up, pos=(431,274)
32.9517 	DATA 	Mouse: Left button down, pos=(425,162)
32.9529 	DATA 	RatingScale rating_3: (mouse response) rating=6
32.9529 	DATA 	RatingScale rating_3: rating RT=10.245
32.9529 	DATA 	RatingScale rating_3: history=[(None, 0.0), (6, 7.284), (6, 10.245)]
32.9675 	EXP 	RatingScale ValenceRating: reset()
32.9960 	EXP 	WordPresentation: autoDraw = False
32.9960 	EXP 	rating_3: autoDraw = False
32.9960 	EXP 	ArousalGuide: autoDraw = False
32.9960 	EXP 	WordPresentation2: autoDraw = True
32.9960 	EXP 	ValenceImage: autoDraw = True
32.9960 	EXP 	ValenceRating: autoDraw = True
32.9997 	DATA 	Mouse:  Left button up, pos=(425,162)
38.4323 	DATA 	Mouse: Left button down, pos=(396,286)
38.4329 	DATA 	RatingScale ValenceRating: (mouse single-click) rating=0.48
38.4329 	DATA 	RatingScale ValenceRating: rating RT=5.464
38.4329 	DATA 	RatingScale ValenceRating: history=[(None, 0.0), (0.48, 5.464)]
38.4472 	EXP 	New trial (rep=1, index=0): None
38.4565 	EXP 	RatingScale rating_3: reset()
38.4767 	EXP 	WordPresentation2: autoDraw = False
38.4767 	EXP 	ValenceImage: autoDraw = False
38.4767 	EXP 	ValenceRating: autoDraw = False
38.4767 	EXP 	WordPresentation: autoDraw = True
38.4767 	EXP 	rating_3: autoDraw = True
38.4767 	EXP 	ArousalGuide: autoDraw = True
38.4886 	DATA 	Mouse:  Left button up, pos=(396,286)
40.4733 	DATA 	Mouse: Left button down, pos=(378,148)
40.4743 	DATA 	RatingScale rating_3: (mouse response) rating=5
40.4743 	DATA 	RatingScale rating_3: rating RT=2.017
40.4743 	DATA 	RatingScale rating_3: history=[(None, 0.0), (5, 0.003), (5, 2.017)]
40.4874 	EXP 	RatingScale ValenceRating: reset()
40.4997 	EXP 	WordPresentation: autoDraw = False
40.4997 	EXP 	rating_3: autoDraw = False
40.4997 	EXP 	ArousalGuide: autoDraw = False
40.4997 	EXP 	WordPresentation2: autoDraw = True
40.4997 	EXP 	ValenceImage: autoDraw = True
40.4997 	EXP 	ValenceRating: autoDraw = True
40.5371 	DATA 	Mouse:  Left button up, pos=(378,148)
41.6742 	DATA 	Mouse: Left button down, pos=(408,277)
41.6747 	DATA 	RatingScale ValenceRating: (mouse single-click) rating=0.54
41.6748 	DATA 	RatingScale ValenceRating: rating RT=1.186
41.6748 	DATA 	RatingScale ValenceRating: history=[(None, 0.0), (0.54, 1.186)]
41.7031 	EXP 	WordPresentation2: autoDraw = False
41.7031 	EXP 	ValenceImage: autoDraw = False
41.7031 	EXP 	ValenceRating: autoDraw = False
41.7031 	EXP 	GoodbyeText: autoDraw = True
41.7555 	DATA 	Mouse:  Left button up, pos=(408,277)
42.7056 	EXP 	GoodbyeText: autoDraw = False
42.7237 	EXP 	window1: mouseVisible = True
